#! /usr/local/bin/vvp
:ivl_version "13.0 (devel)" "(s20221226-251-g09f3ebfc8)";
:ivl_delay_selection "TYPICAL";
:vpi_time_precision + 0;
:vpi_module "/usr/local/lib/ivl/system.vpi";
:vpi_module "/usr/local/lib/ivl/vhdl_sys.vpi";
:vpi_module "/usr/local/lib/ivl/vhdl_textio.vpi";
:vpi_module "/usr/local/lib/ivl/v2005_math.vpi";
:vpi_module "/usr/local/lib/ivl/va_math.vpi";
S_0x5f6415ab1900 .scope module, "tb_fp_addition" "tb_fp_addition" 2 1;
 .timescale 0 0;
v0x5f6415b090e0_0 .var "clk", 0 0;
v0x5f6415b091a0_0 .net "done", 0 0, v0x5f6415b08180_0;  1 drivers
v0x5f6415b09240_0 .var "fp_input", 31 0;
v0x5f6415b092e0_0 .net "fp_sum", 31 0, L_0x5f6415b1b220;  1 drivers
v0x5f6415b09380_0 .net "overflow", 0 0, v0x5f6415b08b60_0;  1 drivers
v0x5f6415b09420_0 .var "start", 0 0;
v0x5f6415b094f0_0 .net "underflow", 0 0, v0x5f6415b08f40_0;  1 drivers
S_0x5f6415ab16d0 .scope task, "apply_test" "apply_test" 2 19, 2 19 0, S_0x5f6415ab1900;
 .timescale 0 0;
v0x5f6415ac3890_0 .var "a", 31 0;
v0x5f6415ac3720_0 .var "b", 31 0;
E_0x5f6415ac5190 .event anyedge, v0x5f6415b08180_0;
E_0x5f6415a8a4c0 .event posedge, v0x5f6415b080c0_0;
TD_tb_fp_addition.apply_test ;
    %wait E_0x5f6415a8a4c0;
    %pushi/vec4 1, 0, 1;
    %store/vec4 v0x5f6415b09420_0, 0, 1;
    %load/vec4 v0x5f6415ac3890_0;
    %store/vec4 v0x5f6415b09240_0, 0, 32;
    %wait E_0x5f6415a8a4c0;
    %load/vec4 v0x5f6415ac3720_0;
    %store/vec4 v0x5f6415b09240_0, 0, 32;
    %wait E_0x5f6415a8a4c0;
    %pushi/vec4 0, 0, 1;
    %store/vec4 v0x5f6415b09420_0, 0, 1;
T_0.0 ;
    %load/vec4 v0x5f6415b091a0_0;
    %cmpi/ne 1, 0, 1;
    %jmp/0xz T_0.1, 6;
    %wait E_0x5f6415ac5190;
    %jmp T_0.0;
T_0.1 ;
    %vpi_call 2 34 "$display", "A = %h | B = %h | SUM = %h | OVF = %b | UNF = %b", v0x5f6415ac3890_0, v0x5f6415ac3720_0, v0x5f6415b092e0_0, v0x5f6415b09380_0, v0x5f6415b094f0_0 {0 0 0};
    %delay 10, 0;
    %end;
S_0x5f6415b05da0 .scope module, "dut" "fp_addition" 2 13, 3 1 0, S_0x5f6415ab1900;
 .timescale 0 0;
    .port_info 0 /INPUT 1 "clk";
    .port_info 1 /INPUT 1 "start";
    .port_info 2 /INPUT 32 "fp_input";
    .port_info 3 /OUTPUT 32 "fp_sum";
    .port_info 4 /OUTPUT 1 "done";
    .port_info 5 /OUTPUT 1 "overflow";
    .port_info 6 /OUTPUT 1 "underflow";
P_0x5f6415a8b690 .param/l "ADD" 0 3 16, C4<011>;
P_0x5f6415a8b6d0 .param/l "ALIGN" 0 3 15, C4<010>;
P_0x5f6415a8b710 .param/l "CHECK" 0 3 18, C4<101>;
P_0x5f6415a8b750 .param/l "DONE" 0 3 19, C4<110>;
P_0x5f6415a8b790 .param/l "IDLE" 0 3 13, C4<000>;
P_0x5f6415a8b7d0 .param/l "LOAD_B" 0 3 14, C4<001>;
P_0x5f6415a8b810 .param/l "NORMALIZE" 0 3 17, C4<100>;
L_0x7265231b7018 .functor BUFT 1, C4<1>, C4<0>, C4<0>, C4<0>;
L_0x5f6415abed60 .functor XNOR 1, v0x5f6415b08c20_0, L_0x7265231b7018, C4<0>, C4<0>;
L_0x5f6415ab2bb0 .functor NOT 28, L_0x5f6415b096a0, C4<0000000000000000000000000000>, C4<0000000000000000000000000000>, C4<0000000000000000000000000000>;
L_0x7265231b7138 .functor BUFT 1, C4<1>, C4<0>, C4<0>, C4<0>;
L_0x5f6415ab2f70 .functor XNOR 1, v0x5f6415b08ce0_0, L_0x7265231b7138, C4<0>, C4<0>;
L_0x5f6415b19fe0 .functor NOT 28, L_0x5f6415b19eb0, C4<0000000000000000000000000000>, C4<0000000000000000000000000000>, C4<0000000000000000000000000000>;
L_0x7265231b72e8 .functor BUFT 1, C4<0>, C4<0>, C4<0>, C4<0>;
L_0x5f6415b1a880 .functor XNOR 1, L_0x5f6415b1aa80, L_0x7265231b72e8, C4<0>, C4<0>;
L_0x5f6415b1a170 .functor NOT 28, L_0x5f6415b1a940, C4<0000000000000000000000000000>, C4<0000000000000000000000000000>, C4<0000000000000000000000000000>;
L_0x5f6415b1ad70 .functor XOR 1, L_0x5f6415b1b0e0, L_0x5f6415b1b180, C4<0>, C4<0>;
L_0x5f6415b1b400 .functor NOT 1, L_0x5f6415b1b360, C4<0>, C4<0>, C4<0>;
v0x5f6415ac3e50_0 .net/2u *"_ivl_0", 0 0, L_0x7265231b7018;  1 drivers
L_0x7265231b70a8 .functor BUFT 1, C4<0000000000000000000000000001>, C4<0>, C4<0>, C4<0>;
v0x5f6415ac3a00_0 .net/2u *"_ivl_10", 27 0, L_0x7265231b70a8;  1 drivers
v0x5f6415ae3470_0 .net *"_ivl_12", 27 0, L_0x5f6415b198b0;  1 drivers
L_0x7265231b70f0 .functor BUFT 1, C4<00>, C4<0>, C4<0>, C4<0>;
v0x5f6415ab2cc0_0 .net/2u *"_ivl_14", 1 0, L_0x7265231b70f0;  1 drivers
v0x5f6415ab3080_0 .net *"_ivl_16", 27 0, L_0x5f6415b19a20;  1 drivers
v0x5f6415b064d0_0 .net *"_ivl_18", 27 0, L_0x5f6415b19b60;  1 drivers
v0x5f6415b065b0_0 .net *"_ivl_2", 0 0, L_0x5f6415abed60;  1 drivers
v0x5f6415b06670_0 .net/2u *"_ivl_22", 0 0, L_0x7265231b7138;  1 drivers
v0x5f6415b06750_0 .net *"_ivl_24", 0 0, L_0x5f6415ab2f70;  1 drivers
L_0x7265231b7180 .functor BUFT 1, C4<00>, C4<0>, C4<0>, C4<0>;
v0x5f6415b06810_0 .net/2u *"_ivl_26", 1 0, L_0x7265231b7180;  1 drivers
v0x5f6415b068f0_0 .net *"_ivl_28", 27 0, L_0x5f6415b19eb0;  1 drivers
v0x5f6415b069d0_0 .net *"_ivl_30", 27 0, L_0x5f6415b19fe0;  1 drivers
L_0x7265231b71c8 .functor BUFT 1, C4<0000000000000000000000000001>, C4<0>, C4<0>, C4<0>;
v0x5f6415b06ab0_0 .net/2u *"_ivl_32", 27 0, L_0x7265231b71c8;  1 drivers
v0x5f6415b06b90_0 .net *"_ivl_34", 27 0, L_0x5f6415b1a0d0;  1 drivers
L_0x7265231b7210 .functor BUFT 1, C4<00>, C4<0>, C4<0>, C4<0>;
v0x5f6415b06c70_0 .net/2u *"_ivl_36", 1 0, L_0x7265231b7210;  1 drivers
v0x5f6415b06d50_0 .net *"_ivl_38", 27 0, L_0x5f6415b1a280;  1 drivers
L_0x7265231b7060 .functor BUFT 1, C4<00>, C4<0>, C4<0>, C4<0>;
v0x5f6415b06e30_0 .net/2u *"_ivl_4", 1 0, L_0x7265231b7060;  1 drivers
v0x5f6415b06f10_0 .net *"_ivl_40", 27 0, L_0x5f6415b1a410;  1 drivers
v0x5f6415b06ff0_0 .net *"_ivl_44", 27 0, L_0x5f6415b1a6f0;  1 drivers
L_0x7265231b7258 .functor BUFT 1, C4<000000000000000000000000000>, C4<0>, C4<0>, C4<0>;
v0x5f6415b070d0_0 .net *"_ivl_47", 26 0, L_0x7265231b7258;  1 drivers
v0x5f6415b071b0_0 .net *"_ivl_48", 27 0, L_0x5f6415b1a7e0;  1 drivers
L_0x7265231b72a0 .functor BUFT 1, C4<000000000000000000000000000>, C4<0>, C4<0>, C4<0>;
v0x5f6415b07290_0 .net *"_ivl_51", 26 0, L_0x7265231b72a0;  1 drivers
v0x5f6415b07370_0 .net *"_ivl_55", 0 0, L_0x5f6415b1aa80;  1 drivers
v0x5f6415b07450_0 .net/2u *"_ivl_56", 0 0, L_0x7265231b72e8;  1 drivers
v0x5f6415b07530_0 .net *"_ivl_58", 0 0, L_0x5f6415b1a880;  1 drivers
v0x5f6415b075f0_0 .net *"_ivl_6", 27 0, L_0x5f6415b096a0;  1 drivers
v0x5f6415b076d0_0 .net *"_ivl_60", 27 0, L_0x5f6415b1a170;  1 drivers
L_0x7265231b7330 .functor BUFT 1, C4<0000000000000000000000000001>, C4<0>, C4<0>, C4<0>;
v0x5f6415b077b0_0 .net/2u *"_ivl_62", 27 0, L_0x7265231b7330;  1 drivers
v0x5f6415b07890_0 .net *"_ivl_64", 27 0, L_0x5f6415b1acd0;  1 drivers
v0x5f6415b07970_0 .net *"_ivl_69", 0 0, L_0x5f6415b1b0e0;  1 drivers
v0x5f6415b07a50_0 .net *"_ivl_71", 0 0, L_0x5f6415b1b180;  1 drivers
v0x5f6415b07b30_0 .net *"_ivl_75", 0 0, L_0x5f6415b1b360;  1 drivers
v0x5f6415b07c10_0 .net *"_ivl_79", 22 0, L_0x5f6415b1b510;  1 drivers
v0x5f6415b07f00_0 .net *"_ivl_8", 27 0, L_0x5f6415ab2bb0;  1 drivers
v0x5f6415b07fe0_0 .net "add_out", 27 0, L_0x5f6415b1a940;  1 drivers
v0x5f6415b080c0_0 .net "clk", 0 0, v0x5f6415b090e0_0;  1 drivers
v0x5f6415b08180_0 .var "done", 0 0;
v0x5f6415b08240_0 .var "exp_a", 7 0;
v0x5f6415b08320_0 .var "exp_b", 7 0;
v0x5f6415b08400_0 .net "fp_input", 31 0, v0x5f6415b09240_0;  1 drivers
v0x5f6415b084e0_0 .net "fp_sum", 31 0, L_0x5f6415b1b220;  alias, 1 drivers
v0x5f6415b085c0_0 .var "frac_a", 25 0;
v0x5f6415b086a0_0 .net "frac_a_comp", 0 0, L_0x5f6415b19d20;  1 drivers
v0x5f6415b08760_0 .var "frac_b", 25 0;
v0x5f6415b08840_0 .net "frac_b_comp", 0 0, L_0x5f6415b1a5a0;  1 drivers
v0x5f6415b08900_0 .net "frac_overflow", 0 0, L_0x5f6415b1ad70;  1 drivers
v0x5f6415b089c0_0 .net "frac_sum", 27 0, L_0x5f6415b1ae80;  1 drivers
v0x5f6415b08aa0_0 .net "frac_underflow", 0 0, L_0x5f6415b1b400;  1 drivers
v0x5f6415b08b60_0 .var "overflow", 0 0;
v0x5f6415b08c20_0 .var "sign_a", 0 0;
v0x5f6415b08ce0_0 .var "sign_b", 0 0;
v0x5f6415b08da0_0 .net "start", 0 0, v0x5f6415b09420_0;  1 drivers
v0x5f6415b08e60_0 .var "state", 2 0;
v0x5f6415b08f40_0 .var "underflow", 0 0;
L_0x5f6415b096a0 .concat [ 26 2 0 0], v0x5f6415b085c0_0, L_0x7265231b7060;
L_0x5f6415b198b0 .arith/sum 28, L_0x5f6415ab2bb0, L_0x7265231b70a8;
L_0x5f6415b19a20 .concat [ 26 2 0 0], v0x5f6415b085c0_0, L_0x7265231b70f0;
L_0x5f6415b19b60 .functor MUXZ 28, L_0x5f6415b19a20, L_0x5f6415b198b0, L_0x5f6415abed60, C4<>;
L_0x5f6415b19d20 .part L_0x5f6415b19b60, 0, 1;
L_0x5f6415b19eb0 .concat [ 26 2 0 0], v0x5f6415b08760_0, L_0x7265231b7180;
L_0x5f6415b1a0d0 .arith/sum 28, L_0x5f6415b19fe0, L_0x7265231b71c8;
L_0x5f6415b1a280 .concat [ 26 2 0 0], v0x5f6415b08760_0, L_0x7265231b7210;
L_0x5f6415b1a410 .functor MUXZ 28, L_0x5f6415b1a280, L_0x5f6415b1a0d0, L_0x5f6415ab2f70, C4<>;
L_0x5f6415b1a5a0 .part L_0x5f6415b1a410, 0, 1;
L_0x5f6415b1a6f0 .concat [ 1 27 0 0], L_0x5f6415b19d20, L_0x7265231b7258;
L_0x5f6415b1a7e0 .concat [ 1 27 0 0], L_0x5f6415b1a5a0, L_0x7265231b72a0;
L_0x5f6415b1a940 .arith/sum 28, L_0x5f6415b1a6f0, L_0x5f6415b1a7e0;
L_0x5f6415b1aa80 .part L_0x5f6415b1a940, 27, 1;
L_0x5f6415b1acd0 .arith/sum 28, L_0x5f6415b1a170, L_0x7265231b7330;
L_0x5f6415b1ae80 .functor MUXZ 28, L_0x5f6415b1acd0, L_0x5f6415b1a940, L_0x5f6415b1a880, C4<>;
L_0x5f6415b1b0e0 .part L_0x5f6415b1ae80, 27, 1;
L_0x5f6415b1b180 .part L_0x5f6415b1ae80, 26, 1;
L_0x5f6415b1b360 .part v0x5f6415b085c0_0, 25, 1;
L_0x5f6415b1b510 .part v0x5f6415b085c0_0, 2, 23;
L_0x5f6415b1b220 .concat [ 23 8 1 0], L_0x5f6415b1b510, v0x5f6415b08240_0, v0x5f6415b08c20_0;
    .scope S_0x5f6415b05da0;
T_1 ;
    %pushi/vec4 0, 0, 3;
    %store/vec4 v0x5f6415b08e60_0, 0, 3;
    %pushi/vec4 0, 0, 1;
    %store/vec4 v0x5f6415b08180_0, 0, 1;
    %pushi/vec4 0, 0, 1;
    %store/vec4 v0x5f6415b08b60_0, 0, 1;
    %pushi/vec4 0, 0, 1;
    %store/vec4 v0x5f6415b08f40_0, 0, 1;
    %pushi/vec4 0, 0, 26;
    %store/vec4 v0x5f6415b085c0_0, 0, 26;
    %pushi/vec4 0, 0, 26;
    %store/vec4 v0x5f6415b08760_0, 0, 26;
    %pushi/vec4 0, 0, 8;
    %store/vec4 v0x5f6415b08240_0, 0, 8;
    %pushi/vec4 0, 0, 8;
    %store/vec4 v0x5f6415b08320_0, 0, 8;
    %pushi/vec4 0, 0, 1;
    %store/vec4 v0x5f6415b08c20_0, 0, 1;
    %pushi/vec4 0, 0, 1;
    %store/vec4 v0x5f6415b08ce0_0, 0, 1;
    %end;
    .thread T_1;
    .scope S_0x5f6415b05da0;
T_2 ;
    %wait E_0x5f6415a8a4c0;
    %load/vec4 v0x5f6415b08e60_0;
    %dup/vec4;
    %pushi/vec4 0, 0, 3;
    %cmp/u;
    %jmp/1 T_2.0, 6;
    %dup/vec4;
    %pushi/vec4 1, 0, 3;
    %cmp/u;
    %jmp/1 T_2.1, 6;
    %dup/vec4;
    %pushi/vec4 2, 0, 3;
    %cmp/u;
    %jmp/1 T_2.2, 6;
    %dup/vec4;
    %pushi/vec4 3, 0, 3;
    %cmp/u;
    %jmp/1 T_2.3, 6;
    %dup/vec4;
    %pushi/vec4 4, 0, 3;
    %cmp/u;
    %jmp/1 T_2.4, 6;
    %dup/vec4;
    %pushi/vec4 5, 0, 3;
    %cmp/u;
    %jmp/1 T_2.5, 6;
    %dup/vec4;
    %pushi/vec4 6, 0, 3;
    %cmp/u;
    %jmp/1 T_2.6, 6;
    %pushi/vec4 0, 0, 3;
    %assign/vec4 v0x5f6415b08e60_0, 0;
    %jmp T_2.8;
T_2.0 ;
    %load/vec4 v0x5f6415b08da0_0;
    %cmpi/e 1, 0, 1;
    %jmp/0xz  T_2.9, 4;
    %load/vec4 v0x5f6415b08400_0;
    %parti/s 8, 23, 6;
    %assign/vec4 v0x5f6415b08240_0, 0;
    %load/vec4 v0x5f6415b08400_0;
    %parti/s 1, 31, 6;
    %assign/vec4 v0x5f6415b08c20_0, 0;
    %load/vec4 v0x5f6415b08400_0;
    %parti/s 23, 0, 2;
    %concati/vec4 0, 0, 2;
    %ix/load 4, 0, 0;
    %ix/load 5, 0, 0;
    %flag_set/imm 4, 0;
    %assign/vec4/off/d v0x5f6415b085c0_0, 4, 5;
    %load/vec4 v0x5f6415b08400_0;
    %cmpi/e 0, 0, 32;
    %jmp/0xz  T_2.11, 4;
    %pushi/vec4 0, 0, 1;
    %ix/load 4, 25, 0;
    %ix/load 5, 0, 0;
    %flag_set/imm 4, 0;
    %assign/vec4/off/d v0x5f6415b085c0_0, 4, 5;
    %jmp T_2.12;
T_2.11 ;
    %pushi/vec4 1, 0, 1;
    %ix/load 4, 25, 0;
    %ix/load 5, 0, 0;
    %flag_set/imm 4, 0;
    %assign/vec4/off/d v0x5f6415b085c0_0, 4, 5;
T_2.12 ;
    %pushi/vec4 0, 0, 1;
    %assign/vec4 v0x5f6415b08180_0, 0;
    %pushi/vec4 0, 0, 1;
    %assign/vec4 v0x5f6415b08b60_0, 0;
    %pushi/vec4 0, 0, 1;
    %assign/vec4 v0x5f6415b08f40_0, 0;
    %pushi/vec4 1, 0, 3;
    %assign/vec4 v0x5f6415b08e60_0, 0;
    %jmp T_2.10;
T_2.9 ;
    %pushi/vec4 0, 0, 3;
    %assign/vec4 v0x5f6415b08e60_0, 0;
T_2.10 ;
    %jmp T_2.8;
T_2.1 ;
    %load/vec4 v0x5f6415b08400_0;
    %parti/s 8, 23, 6;
    %assign/vec4 v0x5f6415b08320_0, 0;
    %load/vec4 v0x5f6415b08400_0;
    %parti/s 1, 31, 6;
    %assign/vec4 v0x5f6415b08ce0_0, 0;
    %load/vec4 v0x5f6415b08400_0;
    %parti/s 23, 0, 2;
    %concati/vec4 0, 0, 2;
    %ix/load 4, 0, 0;
    %ix/load 5, 0, 0;
    %flag_set/imm 4, 0;
    %assign/vec4/off/d v0x5f6415b08760_0, 4, 5;
    %load/vec4 v0x5f6415b08400_0;
    %cmpi/e 0, 0, 32;
    %jmp/0xz  T_2.13, 4;
    %pushi/vec4 0, 0, 1;
    %ix/load 4, 25, 0;
    %ix/load 5, 0, 0;
    %flag_set/imm 4, 0;
    %assign/vec4/off/d v0x5f6415b08760_0, 4, 5;
    %jmp T_2.14;
T_2.13 ;
    %pushi/vec4 1, 0, 1;
    %ix/load 4, 25, 0;
    %ix/load 5, 0, 0;
    %flag_set/imm 4, 0;
    %assign/vec4/off/d v0x5f6415b08760_0, 4, 5;
T_2.14 ;
    %pushi/vec4 2, 0, 3;
    %assign/vec4 v0x5f6415b08e60_0, 0;
    %jmp T_2.8;
T_2.2 ;
    %load/vec4 v0x5f6415b085c0_0;
    %pad/u 32;
    %pushi/vec4 0, 0, 32;
    %cmp/e;
    %flag_get/vec4 4;
    %load/vec4 v0x5f6415b08760_0;
    %pad/u 32;
    %pushi/vec4 0, 0, 32;
    %cmp/e;
    %flag_get/vec4 4;
    %or;
    %flag_set/vec4 8;
    %jmp/0xz  T_2.15, 8;
    %pushi/vec4 3, 0, 3;
    %assign/vec4 v0x5f6415b08e60_0, 0;
    %jmp T_2.16;
T_2.15 ;
    %load/vec4 v0x5f6415b08240_0;
    %load/vec4 v0x5f6415b08320_0;
    %cmp/e;
    %jmp/0xz  T_2.17, 4;
    %pushi/vec4 3, 0, 3;
    %assign/vec4 v0x5f6415b08e60_0, 0;
    %jmp T_2.18;
T_2.17 ;
    %load/vec4 v0x5f6415b08240_0;
    %load/vec4 v0x5f6415b08320_0;
    %cmp/u;
    %jmp/0xz  T_2.19, 5;
    %pushi/vec4 0, 0, 1;
    %load/vec4 v0x5f6415b085c0_0;
    %parti/s 25, 1, 2;
    %concat/vec4; draw_concat_vec4
    %assign/vec4 v0x5f6415b085c0_0, 0;
    %load/vec4 v0x5f6415b08240_0;
    %addi 1, 0, 8;
    %assign/vec4 v0x5f6415b08240_0, 0;
    %jmp T_2.20;
T_2.19 ;
    %pushi/vec4 0, 0, 1;
    %load/vec4 v0x5f6415b08760_0;
    %parti/s 25, 1, 2;
    %concat/vec4; draw_concat_vec4
    %assign/vec4 v0x5f6415b08760_0, 0;
    %load/vec4 v0x5f6415b08320_0;
    %addi 1, 0, 8;
    %assign/vec4 v0x5f6415b08320_0, 0;
T_2.20 ;
T_2.18 ;
T_2.16 ;
    %jmp T_2.8;
T_2.3 ;
    %load/vec4 v0x5f6415b07fe0_0;
    %parti/s 1, 27, 6;
    %assign/vec4 v0x5f6415b08c20_0, 0;
    %load/vec4 v0x5f6415b08900_0;
    %cmpi/e 0, 0, 1;
    %jmp/0xz  T_2.21, 4;
    %load/vec4 v0x5f6415b089c0_0;
    %parti/s 26, 0, 2;
    %assign/vec4 v0x5f6415b085c0_0, 0;
    %jmp T_2.22;
T_2.21 ;
    %load/vec4 v0x5f6415b089c0_0;
    %parti/s 26, 1, 2;
    %assign/vec4 v0x5f6415b085c0_0, 0;
    %load/vec4 v0x5f6415b08240_0;
    %addi 1, 0, 8;
    %assign/vec4 v0x5f6415b08240_0, 0;
T_2.22 ;
    %pushi/vec4 4, 0, 3;
    %assign/vec4 v0x5f6415b08e60_0, 0;
    %jmp T_2.8;
T_2.4 ;
    %load/vec4 v0x5f6415b085c0_0;
    %pad/u 32;
    %cmpi/e 0, 0, 32;
    %jmp/0xz  T_2.23, 4;
    %pushi/vec4 0, 0, 8;
    %assign/vec4 v0x5f6415b08240_0, 0;
    %pushi/vec4 6, 0, 3;
    %assign/vec4 v0x5f6415b08e60_0, 0;
    %jmp T_2.24;
T_2.23 ;
    %pushi/vec4 5, 0, 3;
    %assign/vec4 v0x5f6415b08e60_0, 0;
T_2.24 ;
    %jmp T_2.8;
T_2.5 ;
    %load/vec4 v0x5f6415b08240_0;
    %pad/u 32;
    %cmpi/e 0, 0, 32;
    %jmp/0xz  T_2.25, 4;
    %pushi/vec4 1, 0, 1;
    %assign/vec4 v0x5f6415b08f40_0, 0;
    %pushi/vec4 6, 0, 3;
    %assign/vec4 v0x5f6415b08e60_0, 0;
    %jmp T_2.26;
T_2.25 ;
    %load/vec4 v0x5f6415b08900_0;
    %cmpi/e 0, 0, 1;
    %jmp/0xz  T_2.27, 4;
    %pushi/vec4 6, 0, 3;
    %assign/vec4 v0x5f6415b08e60_0, 0;
    %jmp T_2.28;
T_2.27 ;
    %load/vec4 v0x5f6415b085c0_0;
    %parti/s 25, 0, 2;
    %concati/vec4 0, 0, 1;
    %assign/vec4 v0x5f6415b085c0_0, 0;
    %load/vec4 v0x5f6415b08240_0;
    %subi 1, 0, 8;
    %assign/vec4 v0x5f6415b08240_0, 0;
T_2.28 ;
T_2.26 ;
    %jmp T_2.8;
T_2.6 ;
    %load/vec4 v0x5f6415b08240_0;
    %pad/u 32;
    %cmpi/e 255, 0, 32;
    %jmp/0xz  T_2.29, 4;
    %pushi/vec4 1, 0, 1;
    %assign/vec4 v0x5f6415b08b60_0, 0;
T_2.29 ;
    %pushi/vec4 1, 0, 1;
    %assign/vec4 v0x5f6415b08180_0, 0;
    %pushi/vec4 0, 0, 3;
    %assign/vec4 v0x5f6415b08e60_0, 0;
    %jmp T_2.8;
T_2.8 ;
    %pop/vec4 1;
    %jmp T_2;
    .thread T_2;
    .scope S_0x5f6415ab1900;
T_3 ;
    %delay 5, 0;
    %load/vec4 v0x5f6415b090e0_0;
    %inv;
    %store/vec4 v0x5f6415b090e0_0, 0, 1;
    %jmp T_3;
    .thread T_3;
    .scope S_0x5f6415ab1900;
T_4 ;
    %pushi/vec4 0, 0, 1;
    %store/vec4 v0x5f6415b090e0_0, 0, 1;
    %pushi/vec4 0, 0, 1;
    %store/vec4 v0x5f6415b09420_0, 0, 1;
    %delay 10, 0;
    %pushi/vec4 0, 0, 32;
    %store/vec4 v0x5f6415ac3890_0, 0, 32;
    %pushi/vec4 0, 0, 32;
    %store/vec4 v0x5f6415ac3720_0, 0, 32;
    %fork TD_tb_fp_addition.apply_test, S_0x5f6415ab16d0;
    %join;
    %pushi/vec4 1065353216, 0, 32;
    %store/vec4 v0x5f6415ac3890_0, 0, 32;
    %pushi/vec4 1065353216, 0, 32;
    %store/vec4 v0x5f6415ac3720_0, 0, 32;
    %fork TD_tb_fp_addition.apply_test, S_0x5f6415ab16d0;
    %join;
    %pushi/vec4 3212836864, 0, 32;
    %store/vec4 v0x5f6415ac3890_0, 0, 32;
    %pushi/vec4 3212836864, 0, 32;
    %store/vec4 v0x5f6415ac3720_0, 0, 32;
    %fork TD_tb_fp_addition.apply_test, S_0x5f6415ab16d0;
    %join;
    %pushi/vec4 1065353216, 0, 32;
    %store/vec4 v0x5f6415ac3890_0, 0, 32;
    %pushi/vec4 3212836864, 0, 32;
    %store/vec4 v0x5f6415ac3720_0, 0, 32;
    %fork TD_tb_fp_addition.apply_test, S_0x5f6415ab16d0;
    %join;
    %pushi/vec4 2139095039, 0, 32;
    %store/vec4 v0x5f6415ac3890_0, 0, 32;
    %pushi/vec4 1065353216, 0, 32;
    %store/vec4 v0x5f6415ac3720_0, 0, 32;
    %fork TD_tb_fp_addition.apply_test, S_0x5f6415ab16d0;
    %join;
    %pushi/vec4 4286578687, 0, 32;
    %store/vec4 v0x5f6415ac3890_0, 0, 32;
    %pushi/vec4 3204448256, 0, 32;
    %store/vec4 v0x5f6415ac3720_0, 0, 32;
    %fork TD_tb_fp_addition.apply_test, S_0x5f6415ab16d0;
    %join;
    %pushi/vec4 2139095039, 0, 32;
    %store/vec4 v0x5f6415ac3890_0, 0, 32;
    %pushi/vec4 2139095039, 0, 32;
    %store/vec4 v0x5f6415ac3720_0, 0, 32;
    %fork TD_tb_fp_addition.apply_test, S_0x5f6415ab16d0;
    %join;
    %pushi/vec4 4286578687, 0, 32;
    %store/vec4 v0x5f6415ac3890_0, 0, 32;
    %pushi/vec4 4286578687, 0, 32;
    %store/vec4 v0x5f6415ac3720_0, 0, 32;
    %fork TD_tb_fp_addition.apply_test, S_0x5f6415ab16d0;
    %join;
    %pushi/vec4 1138753536, 0, 32;
    %store/vec4 v0x5f6415ac3890_0, 0, 32;
    %pushi/vec4 3269459968, 0, 32;
    %store/vec4 v0x5f6415ac3720_0, 0, 32;
    %fork TD_tb_fp_addition.apply_test, S_0x5f6415ab16d0;
    %join;
    %pushi/vec4 3459252224, 0, 32;
    %store/vec4 v0x5f6415ac3890_0, 0, 32;
    %pushi/vec4 1121976320, 0, 32;
    %store/vec4 v0x5f6415ac3720_0, 0, 32;
    %fork TD_tb_fp_addition.apply_test, S_0x5f6415ab16d0;
    %join;
    %pushi/vec4 2139095039, 0, 32;
    %store/vec4 v0x5f6415ac3890_0, 0, 32;
    %pushi/vec4 1937768448, 0, 32;
    %store/vec4 v0x5f6415ac3720_0, 0, 32;
    %fork TD_tb_fp_addition.apply_test, S_0x5f6415ab16d0;
    %join;
    %pushi/vec4 4286578687, 0, 32;
    %store/vec4 v0x5f6415ac3890_0, 0, 32;
    %pushi/vec4 4085252096, 0, 32;
    %store/vec4 v0x5f6415ac3720_0, 0, 32;
    %fork TD_tb_fp_addition.apply_test, S_0x5f6415ab16d0;
    %join;
    %pushi/vec4 2139095038, 0, 32;
    %store/vec4 v0x5f6415ac3890_0, 0, 32;
    %pushi/vec4 1937768448, 0, 32;
    %store/vec4 v0x5f6415ac3720_0, 0, 32;
    %fork TD_tb_fp_addition.apply_test, S_0x5f6415ab16d0;
    %join;
    %pushi/vec4 4286578686, 0, 32;
    %store/vec4 v0x5f6415ac3890_0, 0, 32;
    %pushi/vec4 4085252096, 0, 32;
    %store/vec4 v0x5f6415ac3720_0, 0, 32;
    %fork TD_tb_fp_addition.apply_test, S_0x5f6415ab16d0;
    %join;
    %pushi/vec4 12582912, 0, 32;
    %store/vec4 v0x5f6415ac3890_0, 0, 32;
    %pushi/vec4 2155872256, 0, 32;
    %store/vec4 v0x5f6415ac3720_0, 0, 32;
    %fork TD_tb_fp_addition.apply_test, S_0x5f6415ab16d0;
    %join;
    %delay 100, 0;
    %vpi_call 2 94 "$finish" {0 0 0};
    %end;
    .thread T_4;
    .scope S_0x5f6415ab1900;
T_5 ;
    %vpi_call 2 99 "$dumpfile", "dump.vcd" {0 0 0};
    %vpi_call 2 100 "$dumpvars", 32'sb00000000000000000000000000000000 {0 0 0};
    %end;
    .thread T_5;
# The file index is used to find the file name in the following table.
:file_names 4;
    "N/A";
    "<interactive>";
    "tb_fp.v";
    "fp.v";
